# JRE version: 7.0_21-b02
# Java VM: OpenJDK Server VM (23.7-b01 mixed mode linux-x86 )
Heap
 PSYoungGen      total 50496K, used 42869K [0xa42a0000, 0xa7a00000, 0xb33f0000)
  eden space 45824K, 83% used [0xa42a0000,0xa67f4b30,0xa6f60000)
  from space 4672K, 99% used [0xa7470000,0xa78f8ae0,0xa7900000)
  to   space 5184K, 0% used [0xa6f60000,0xa6f60000,0xa7470000)
 ParOldGen       total 30848K, used 7647K [0x85ff0000, 0x87e10000, 0xa42a0000)
  object space 30848K, 24% used [0x85ff0000,0x86767ef0,0x87e10000)
 PSPermGen       total 19456K, used 19381K [0x7dff0000, 0x7f2f0000, 0x85ff0000)
  object space 19456K, 99% used [0x7dff0000,0x7f2dd4c8,0x7f2f0000)
GC Heap History (10 events):
Event: 1.540 GC heap before
{Heap before GC invocations=2 (full 0):
 PSYoungGen      total 13504K, used 13497K [0xa42a0000, 0xa51b0000, 0xb33f0000)
  eden space 11584K, 100% used [0xa42a0000,0xa4df0000,0xa4df0000)
  from space 1920K, 99% used [0xa4df0000,0xa4fce6c8,0xa4fd0000)
  to   space 1920K, 0% used [0xa4fd0000,0xa4fd0000,0xa51b0000)
 ParOldGen       total 30848K, used 839K [0x85ff0000, 0x87e10000, 0xa42a0000)
  object space 30848K, 2% used [0x85ff0000,0x860c1fd0,0x87e10000)
 PSPermGen       total 16384K, used 9634K [0x7dff0000, 0x7eff0000, 0x85ff0000)
  object space 16384K, 58% used [0x7dff0000,0x7e958a20,0x7eff0000)
Event: 1.547 GC heap after
Heap after GC invocations=2 (full 0):
 PSYoungGen      total 13504K, used 1905K [0xa42a0000, 0xa5d00000, 0xb33f0000)
  eden space 11584K, 0% used [0xa42a0000,0xa42a0000,0xa4df0000)
  from space 1920K, 99% used [0xa4fd0000,0xa51ac6d8,0xa51b0000)
  to   space 1920K, 0% used [0xa4df0000,0xa4df0000,0xa4fd0000)
 ParOldGen       total 30848K, used 1697K [0x85ff0000, 0x87e10000, 0xa42a0000)
  object space 30848K, 5% used [0x85ff0000,0x86198708,0x87e10000)
 PSPermGen       total 16384K, used 9634K [0x7dff0000, 0x7eff0000, 0x85ff0000)
  object space 16384K, 58% used [0x7dff0000,0x7e958a20,0x7eff0000)
}
Event: 1.927 GC heap before
{Heap before GC invocations=3 (full 0):
 PSYoungGen      total 13504K, used 13489K [0xa42a0000, 0xa5d00000, 0xb33f0000)
  eden space 11584K, 100% used [0xa42a0000,0xa4df0000,0xa4df0000)
  from space 1920K, 99% used [0xa4fd0000,0xa51ac6d8,0xa51b0000)
  to   space 1920K, 0% used [0xa4df0000,0xa4df0000,0xa4fd0000)
 ParOldGen       total 30848K, used 1697K [0x85ff0000, 0x87e10000, 0xa42a0000)
  object space 30848K, 5% used [0x85ff0000,0x86198708,0x87e10000)
 PSPermGen       total 16384K, used 12233K [0x7dff0000, 0x7eff0000, 0x85ff0000)
  object space 16384K, 74% used [0x7dff0000,0x7ebe2558,0x7eff0000)
Event: 1.937 GC heap after
Heap after GC invocations=3 (full 0):
 PSYoungGen      total 13504K, used 1913K [0xa42a0000, 0xa5d00000, 0xb33f0000)
  eden space 11584K, 0% used [0xa42a0000,0xa42a0000,0xa4df0000)
  from space 1920K, 99% used [0xa4df0000,0xa4fce6e8,0xa4fd0000)
  to   space 1920K, 0% used [0xa5b20000,0xa5b20000,0xa5d00000)
 ParOldGen       total 30848K, used 3519K [0x85ff0000, 0x87e10000, 0xa42a0000)
  object space 30848K, 11% used [0x85ff0000,0x8635fcb8,0x87e10000)
 PSPermGen       total 16384K, used 12233K [0x7dff0000, 0x7eff0000, 0x85ff0000)
  object space 16384K, 74% used [0x7dff0000,0x7ebe2558,0x7eff0000)
}
Event: 3.104 GC heap before
{Heap before GC invocations=4 (full 0):
 PSYoungGen      total 13504K, used 13497K [0xa42a0000, 0xa5d00000, 0xb33f0000)
  eden space 11584K, 100% used [0xa42a0000,0xa4df0000,0xa4df0000)
  from space 1920K, 99% used [0xa4df0000,0xa4fce6e8,0xa4fd0000)
  to   space 1920K, 0% used [0xa5b20000,0xa5b20000,0xa5d00000)
 ParOldGen       total 30848K, used 3519K [0x85ff0000, 0x87e10000, 0xa42a0000)
  object space 30848K, 11% used [0x85ff0000,0x8635fcb8,0x87e10000)
 PSPermGen       total 16384K, used 13386K [0x7dff0000, 0x7eff0000, 0x85ff0000)
  object space 16384K, 81% used [0x7dff0000,0x7ed02878,0x7eff0000)
Event: 3.114 GC heap after
Heap after GC invocations=4 (full 0):
 PSYoungGen      total 25088K, used 1906K [0xa42a0000, 0xa5d00000, 0xb33f0000)
  eden space 23168K, 0% used [0xa42a0000,0xa42a0000,0xa5940000)
  from space 1920K, 99% used [0xa5b20000,0xa5cfcaa0,0xa5d00000)
  to   space 1920K, 0% used [0xa5940000,0xa5940000,0xa5b20000)
 ParOldGen       total 30848K, used 5050K [0x85ff0000, 0x87e10000, 0xa42a0000)
  object space 30848K, 16% used [0x85ff0000,0x864dea60,0x87e10000)
 PSPermGen       total 16384K, used 13386K [0x7dff0000, 0x7eff0000, 0x85ff0000)
  object space 16384K, 81% used [0x7dff0000,0x7ed02878,0x7eff0000)
}
Event: 3.709 GC heap before
{Heap before GC invocations=5 (full 0):
 PSYoungGen      total 25088K, used 25074K [0xa42a0000, 0xa5d00000, 0xb33f0000)
  eden space 23168K, 100% used [0xa42a0000,0xa5940000,0xa5940000)
  from space 1920K, 99% used [0xa5b20000,0xa5cfcaa0,0xa5d00000)
  to   space 1920K, 0% used [0xa5940000,0xa5940000,0xa5b20000)
 ParOldGen       total 30848K, used 5050K [0x85ff0000, 0x87e10000, 0xa42a0000)
  object space 30848K, 16% used [0x85ff0000,0x864dea60,0x87e10000)
 PSPermGen       total 16384K, used 16207K [0x7dff0000, 0x7eff0000, 0x85ff0000)
  object space 16384K, 98% used [0x7dff0000,0x7efc3cd8,0x7eff0000)
Event: 3.729 GC heap after
Heap after GC invocations=5 (full 0):
 PSYoungGen      total 25088K, used 1919K [0xa42a0000, 0xa7900000, 0xb33f0000)
  eden space 23168K, 0% used [0xa42a0000,0xa42a0000,0xa5940000)
  from space 1920K, 99% used [0xa5940000,0xa5b1fe60,0xa5b20000)
  to   space 4672K, 0% used [0xa7470000,0xa7470000,0xa7900000)
 ParOldGen       total 30848K, used 7647K [0x85ff0000, 0x87e10000, 0xa42a0000)
  object space 30848K, 24% used [0x85ff0000,0x86767ef0,0x87e10000)
 PSPermGen       total 16384K, used 16207K [0x7dff0000, 0x7eff0000, 0x85ff0000)
  object space 16384K, 98% used [0x7dff0000,0x7efc3cd8,0x7eff0000)
}
Event: 4.171 GC heap before
{Heap before GC invocations=6 (full 0):
 PSYoungGen      total 25088K, used 25087K [0xa42a0000, 0xa7900000, 0xb33f0000)
  eden space 23168K, 100% used [0xa42a0000,0xa5940000,0xa5940000)
  from space 1920K, 99% used [0xa5940000,0xa5b1fe60,0xa5b20000)
  to   space 4672K, 0% used [0xa7470000,0xa7470000,0xa7900000)
 ParOldGen       total 30848K, used 7647K [0x85ff0000, 0x87e10000, 0xa42a0000)
  object space 30848K, 24% used [0x85ff0000,0x86767ef0,0x87e10000)
 PSPermGen       total 18304K, used 18232K [0x7dff0000, 0x7f1d0000, 0x85ff0000)
  object space 18304K, 99% used [0x7dff0000,0x7f1be2f0,0x7f1d0000)
Event: 4.182 GC heap after
Heap after GC invocations=6 (full 0):
 PSYoungGen      total 50496K, used 4642K [0xa42a0000, 0xa7a00000, 0xb33f0000)
  eden space 45824K, 0% used [0xa42a0000,0xa42a0000,0xa6f60000)
  from space 4672K, 99% used [0xa7470000,0xa78f8ae0,0xa7900000)
  to   space 5184K, 0% used [0xa6f60000,0xa6f60000,0xa7470000)
 ParOldGen       total 30848K, used 7647K [0x85ff0000, 0x87e10000, 0xa42a0000)
  object space 30848K, 24% used [0x85ff0000,0x86767ef0,0x87e10000)
 PSPermGen       total 18304K, used 18232K [0x7dff0000, 0x7f1d0000, 0x85ff0000)
  object space 18304K, 99% used [0x7dff0000,0x7f1be2f0,0x7f1d0000)
}

