# JRE version: 7.0_21-b02
# Java VM: OpenJDK Server VM (23.7-b01 mixed mode linux-x86 )
Heap
 PSYoungGen      total 25088K, used 10168K [0xa4270000, 0xa7370000, 0xb33c0000)
  eden space 23168K, 35% used [0xa4270000,0xa4a80be0,0xa5910000)
  from space 1920K, 99% used [0xa5910000,0xa5aed6d0,0xa5af0000)
  to   space 1920K, 0% used [0xa7190000,0xa7190000,0xa7370000)
 ParOldGen       total 30848K, used 5052K [0x85fc0000, 0x87de0000, 0xa4270000)
  object space 30848K, 16% used [0x85fc0000,0x864af1a8,0x87de0000)
 PSPermGen       total 16384K, used 14762K [0x7dfc0000, 0x7efc0000, 0x85fc0000)
  object space 16384K, 90% used [0x7dfc0000,0x7ee2a920,0x7efc0000)
GC Heap History (6 events):
Event: 1.356 GC heap before
{Heap before GC invocations=1 (full 0):
 PSYoungGen      total 13504K, used 11584K [0xa4270000, 0xa5180000, 0xb33c0000)
  eden space 11584K, 100% used [0xa4270000,0xa4dc0000,0xa4dc0000)
  from space 1920K, 0% used [0xa4fa0000,0xa4fa0000,0xa5180000)
  to   space 1920K, 0% used [0xa4dc0000,0xa4dc0000,0xa4fa0000)
 ParOldGen       total 30848K, used 0K [0x85fc0000, 0x87de0000, 0xa4270000)
  object space 30848K, 0% used [0x85fc0000,0x85fc0000,0x87de0000)
 PSPermGen       total 16384K, used 8658K [0x7dfc0000, 0x7efc0000, 0x85fc0000)
  object space 16384K, 52% used [0x7dfc0000,0x7e834ad0,0x7efc0000)
Event: 1.390 GC heap after
Heap after GC invocations=1 (full 0):
 PSYoungGen      total 13504K, used 1905K [0xa4270000, 0xa5cd0000, 0xb33c0000)
  eden space 11584K, 0% used [0xa4270000,0xa4270000,0xa4dc0000)
  from space 1920K, 99% used [0xa4dc0000,0xa4f9c6d8,0xa4fa0000)
  to   space 1920K, 0% used [0xa5af0000,0xa5af0000,0xa5cd0000)
 ParOldGen       total 30848K, used 851K [0x85fc0000, 0x87de0000, 0xa4270000)
  object space 30848K, 2% used [0x85fc0000,0x86094fd0,0x87de0000)
 PSPermGen       total 16384K, used 8658K [0x7dfc0000, 0x7efc0000, 0x85fc0000)
  object space 16384K, 52% used [0x7dfc0000,0x7e834ad0,0x7efc0000)
}
Event: 1.909 GC heap before
{Heap before GC invocations=2 (full 0):
 PSYoungGen      total 13504K, used 13489K [0xa4270000, 0xa5cd0000, 0xb33c0000)
  eden space 11584K, 100% used [0xa4270000,0xa4dc0000,0xa4dc0000)
  from space 1920K, 99% used [0xa4dc0000,0xa4f9c6d8,0xa4fa0000)
  to   space 1920K, 0% used [0xa5af0000,0xa5af0000,0xa5cd0000)
 ParOldGen       total 30848K, used 851K [0x85fc0000, 0x87de0000, 0xa4270000)
  object space 30848K, 2% used [0x85fc0000,0x86094fd0,0x87de0000)
 PSPermGen       total 16384K, used 9621K [0x7dfc0000, 0x7efc0000, 0x85fc0000)
  object space 16384K, 58% used [0x7dfc0000,0x7e925520,0x7efc0000)
Event: 1.924 GC heap after
Heap after GC invocations=2 (full 0):
 PSYoungGen      total 25088K, used 1905K [0xa4270000, 0xa5cd0000, 0xb33c0000)
  eden space 23168K, 0% used [0xa4270000,0xa4270000,0xa5910000)
  from space 1920K, 99% used [0xa5af0000,0xa5ccc6d8,0xa5cd0000)
  to   space 1920K, 0% used [0xa5910000,0xa5910000,0xa5af0000)
 ParOldGen       total 30848K, used 1677K [0x85fc0000, 0x87de0000, 0xa4270000)
  object space 30848K, 5% used [0x85fc0000,0x86163708,0x87de0000)
 PSPermGen       total 16384K, used 9621K [0x7dfc0000, 0x7efc0000, 0x85fc0000)
  object space 16384K, 58% used [0x7dfc0000,0x7e925520,0x7efc0000)
}
Event: 3.588 GC heap before
{Heap before GC invocations=3 (full 0):
 PSYoungGen      total 25088K, used 25073K [0xa4270000, 0xa5cd0000, 0xb33c0000)
  eden space 23168K, 100% used [0xa4270000,0xa5910000,0xa5910000)
  from space 1920K, 99% used [0xa5af0000,0xa5ccc6d8,0xa5cd0000)
  to   space 1920K, 0% used [0xa5910000,0xa5910000,0xa5af0000)
 ParOldGen       total 30848K, used 1677K [0x85fc0000, 0x87de0000, 0xa4270000)
  object space 30848K, 5% used [0x85fc0000,0x86163708,0x87de0000)
 PSPermGen       total 16384K, used 13386K [0x7dfc0000, 0x7efc0000, 0x85fc0000)
  object space 16384K, 81% used [0x7dfc0000,0x7ecd2968,0x7efc0000)
Event: 3.617 GC heap after
Heap after GC invocations=3 (full 0):
 PSYoungGen      total 25088K, used 1909K [0xa4270000, 0xa7370000, 0xb33c0000)
  eden space 23168K, 0% used [0xa4270000,0xa4270000,0xa5910000)
  from space 1920K, 99% used [0xa5910000,0xa5aed6d0,0xa5af0000)
  to   space 1920K, 0% used [0xa7190000,0xa7190000,0xa7370000)
 ParOldGen       total 30848K, used 5052K [0x85fc0000, 0x87de0000, 0xa4270000)
  object space 30848K, 16% used [0x85fc0000,0x864af1a8,0x87de0000)
 PSPermGen       total 16384K, used 13386K [0x7dfc0000, 0x7efc0000, 0x85fc0000)
  object space 16384K, 81% used [0x7dfc0000,0x7ecd2968,0x7efc0000)
}

