# JRE version: 7.0_21-b02
# Java VM: OpenJDK Server VM (23.7-b01 mixed mode linux-x86 )
Heap
 PSYoungGen      total 25088K, used 14446K [0xa42c0000, 0xa73c0000, 0xb3410000)
  eden space 23168K, 54% used [0xa42c0000,0xa4efedb0,0xa5960000)
  from space 1920K, 99% used [0xa5960000,0xa5b3ca80,0xa5b40000)
  to   space 1920K, 0% used [0xa71e0000,0xa71e0000,0xa73c0000)
 ParOldGen       total 30848K, used 5065K [0x86010000, 0x87e30000, 0xa42c0000)
  object space 30848K, 16% used [0x86010000,0x86502648,0x87e30000)
 PSPermGen       total 16384K, used 15161K [0x7e010000, 0x7f010000, 0x86010000)
  object space 16384K, 92% used [0x7e010000,0x7eede4b0,0x7f010000)
GC Heap History (6 events):
Event: 1.075 GC heap before
{Heap before GC invocations=1 (full 0):
 PSYoungGen      total 13504K, used 11584K [0xa42c0000, 0xa51d0000, 0xb3410000)
  eden space 11584K, 100% used [0xa42c0000,0xa4e10000,0xa4e10000)
  from space 1920K, 0% used [0xa4ff0000,0xa4ff0000,0xa51d0000)
  to   space 1920K, 0% used [0xa4e10000,0xa4e10000,0xa4ff0000)
 ParOldGen       total 30848K, used 0K [0x86010000, 0x87e30000, 0xa42c0000)
  object space 30848K, 0% used [0x86010000,0x86010000,0x87e30000)
 PSPermGen       total 16384K, used 8663K [0x7e010000, 0x7f010000, 0x86010000)
  object space 16384K, 52% used [0x7e010000,0x7e885dc0,0x7f010000)
Event: 1.090 GC heap after
Heap after GC invocations=1 (full 0):
 PSYoungGen      total 13504K, used 1913K [0xa42c0000, 0xa5d20000, 0xb3410000)
  eden space 11584K, 0% used [0xa42c0000,0xa42c0000,0xa4e10000)
  from space 1920K, 99% used [0xa4e10000,0xa4fee6e8,0xa4ff0000)
  to   space 1920K, 0% used [0xa5b40000,0xa5b40000,0xa5d20000)
 ParOldGen       total 30848K, used 843K [0x86010000, 0x87e30000, 0xa42c0000)
  object space 30848K, 2% used [0x86010000,0x860e2fd0,0x87e30000)
 PSPermGen       total 16384K, used 8663K [0x7e010000, 0x7f010000, 0x86010000)
  object space 16384K, 52% used [0x7e010000,0x7e885dc0,0x7f010000)
}
Event: 1.435 GC heap before
{Heap before GC invocations=2 (full 0):
 PSYoungGen      total 13504K, used 13497K [0xa42c0000, 0xa5d20000, 0xb3410000)
  eden space 11584K, 100% used [0xa42c0000,0xa4e10000,0xa4e10000)
  from space 1920K, 99% used [0xa4e10000,0xa4fee6e8,0xa4ff0000)
  to   space 1920K, 0% used [0xa5b40000,0xa5b40000,0xa5d20000)
 ParOldGen       total 30848K, used 843K [0x86010000, 0x87e30000, 0xa42c0000)
  object space 30848K, 2% used [0x86010000,0x860e2fd0,0x87e30000)
 PSPermGen       total 16384K, used 9633K [0x7e010000, 0x7f010000, 0x86010000)
  object space 16384K, 58% used [0x7e010000,0x7e978708,0x7f010000)
Event: 1.449 GC heap after
Heap after GC invocations=2 (full 0):
 PSYoungGen      total 25088K, used 1913K [0xa42c0000, 0xa5d20000, 0xb3410000)
  eden space 23168K, 0% used [0xa42c0000,0xa42c0000,0xa5960000)
  from space 1920K, 99% used [0xa5b40000,0xa5d1e6c8,0xa5d20000)
  to   space 1920K, 0% used [0xa5960000,0xa5960000,0xa5b40000)
 ParOldGen       total 30848K, used 1693K [0x86010000, 0x87e30000, 0xa42c0000)
  object space 30848K, 5% used [0x86010000,0x861b7708,0x87e30000)
 PSPermGen       total 16384K, used 9633K [0x7e010000, 0x7f010000, 0x86010000)
  object space 16384K, 58% used [0x7e010000,0x7e978708,0x7f010000)
}
Event: 2.983 GC heap before
{Heap before GC invocations=3 (full 0):
 PSYoungGen      total 25088K, used 25081K [0xa42c0000, 0xa5d20000, 0xb3410000)
  eden space 23168K, 100% used [0xa42c0000,0xa5960000,0xa5960000)
  from space 1920K, 99% used [0xa5b40000,0xa5d1e6c8,0xa5d20000)
  to   space 1920K, 0% used [0xa5960000,0xa5960000,0xa5b40000)
 ParOldGen       total 30848K, used 1693K [0x86010000, 0x87e30000, 0xa42c0000)
  object space 30848K, 5% used [0x86010000,0x861b7708,0x87e30000)
 PSPermGen       total 16384K, used 13386K [0x7e010000, 0x7f010000, 0x86010000)
  object space 16384K, 81% used [0x7e010000,0x7ed22868,0x7f010000)
Event: 2.999 GC heap after
Heap after GC invocations=3 (full 0):
 PSYoungGen      total 25088K, used 1906K [0xa42c0000, 0xa73c0000, 0xb3410000)
  eden space 23168K, 0% used [0xa42c0000,0xa42c0000,0xa5960000)
  from space 1920K, 99% used [0xa5960000,0xa5b3ca80,0xa5b40000)
  to   space 1920K, 0% used [0xa71e0000,0xa71e0000,0xa73c0000)
 ParOldGen       total 30848K, used 5065K [0x86010000, 0x87e30000, 0xa42c0000)
  object space 30848K, 16% used [0x86010000,0x86502648,0x87e30000)
 PSPermGen       total 16384K, used 13386K [0x7e010000, 0x7f010000, 0x86010000)
  object space 16384K, 81% used [0x7e010000,0x7ed22868,0x7f010000)
}

