# JRE version: 7.0_21-b02
# Java VM: OpenJDK Server VM (23.7-b01 mixed mode linux-x86 )
Heap
 PSYoungGen      total 48256K, used 4576K [0xa4270000, 0xa7370000, 0xb33c0000)
  eden space 46336K, 5% used [0xa4270000,0xa450be98,0xa6fb0000)
  from space 1920K, 99% used [0xa7190000,0xa736c2a8,0xa7370000)
  to   space 1920K, 0% used [0xa6fb0000,0xa6fb0000,0xa7190000)
 ParOldGen       total 30848K, used 7562K [0x85fc0000, 0x87de0000, 0xa4270000)
  object space 30848K, 24% used [0x85fc0000,0x867228d8,0x87de0000)
 PSPermGen       total 16384K, used 16356K [0x7dfc0000, 0x7efc0000, 0x85fc0000)
  object space 16384K, 99% used [0x7dfc0000,0x7efb91c0,0x7efc0000)
GC Heap History (8 events):
Event: 1.437 GC heap before
{Heap before GC invocations=1 (full 0):
 PSYoungGen      total 13504K, used 11584K [0xa4270000, 0xa5180000, 0xb33c0000)
  eden space 11584K, 100% used [0xa4270000,0xa4dc0000,0xa4dc0000)
  from space 1920K, 0% used [0xa4fa0000,0xa4fa0000,0xa5180000)
  to   space 1920K, 0% used [0xa4dc0000,0xa4dc0000,0xa4fa0000)
 ParOldGen       total 30848K, used 0K [0x85fc0000, 0x87de0000, 0xa4270000)
  object space 30848K, 0% used [0x85fc0000,0x85fc0000,0x87de0000)
 PSPermGen       total 16384K, used 8658K [0x7dfc0000, 0x7efc0000, 0x85fc0000)
  object space 16384K, 52% used [0x7dfc0000,0x7e834ad0,0x7efc0000)
Event: 1.460 GC heap after
Heap after GC invocations=1 (full 0):
 PSYoungGen      total 13504K, used 1913K [0xa4270000, 0xa5cd0000, 0xb33c0000)
  eden space 11584K, 0% used [0xa4270000,0xa4270000,0xa4dc0000)
  from space 1920K, 99% used [0xa4dc0000,0xa4f9e6c8,0xa4fa0000)
  to   space 1920K, 0% used [0xa5af0000,0xa5af0000,0xa5cd0000)
 ParOldGen       total 30848K, used 838K [0x85fc0000, 0x87de0000, 0xa4270000)
  object space 30848K, 2% used [0x85fc0000,0x860919d8,0x87de0000)
 PSPermGen       total 16384K, used 8658K [0x7dfc0000, 0x7efc0000, 0x85fc0000)
  object space 16384K, 52% used [0x7dfc0000,0x7e834ad0,0x7efc0000)
}
Event: 1.936 GC heap before
{Heap before GC invocations=2 (full 0):
 PSYoungGen      total 13504K, used 13497K [0xa4270000, 0xa5cd0000, 0xb33c0000)
  eden space 11584K, 100% used [0xa4270000,0xa4dc0000,0xa4dc0000)
  from space 1920K, 99% used [0xa4dc0000,0xa4f9e6c8,0xa4fa0000)
  to   space 1920K, 0% used [0xa5af0000,0xa5af0000,0xa5cd0000)
 ParOldGen       total 30848K, used 838K [0x85fc0000, 0x87de0000, 0xa4270000)
  object space 30848K, 2% used [0x85fc0000,0x860919d8,0x87de0000)
 PSPermGen       total 16384K, used 9623K [0x7dfc0000, 0x7efc0000, 0x85fc0000)
  object space 16384K, 58% used [0x7dfc0000,0x7e925f30,0x7efc0000)
Event: 1.964 GC heap after
Heap after GC invocations=2 (full 0):
 PSYoungGen      total 25088K, used 1905K [0xa4270000, 0xa5cd0000, 0xb33c0000)
  eden space 23168K, 0% used [0xa4270000,0xa4270000,0xa5910000)
  from space 1920K, 99% used [0xa5af0000,0xa5ccc6d8,0xa5cd0000)
  to   space 1920K, 0% used [0xa5910000,0xa5910000,0xa5af0000)
 ParOldGen       total 30848K, used 1669K [0x85fc0000, 0x87de0000, 0xa4270000)
  object space 30848K, 5% used [0x85fc0000,0x861617f0,0x87de0000)
 PSPermGen       total 16384K, used 9623K [0x7dfc0000, 0x7efc0000, 0x85fc0000)
  object space 16384K, 58% used [0x7dfc0000,0x7e925f30,0x7efc0000)
}
Event: 3.585 GC heap before
{Heap before GC invocations=3 (full 0):
 PSYoungGen      total 25088K, used 25073K [0xa4270000, 0xa5cd0000, 0xb33c0000)
  eden space 23168K, 100% used [0xa4270000,0xa5910000,0xa5910000)
  from space 1920K, 99% used [0xa5af0000,0xa5ccc6d8,0xa5cd0000)
  to   space 1920K, 0% used [0xa5910000,0xa5910000,0xa5af0000)
 ParOldGen       total 30848K, used 1669K [0x85fc0000, 0x87de0000, 0xa4270000)
  object space 30848K, 5% used [0x85fc0000,0x861617f0,0x87de0000)
 PSPermGen       total 16384K, used 13386K [0x7dfc0000, 0x7efc0000, 0x85fc0000)
  object space 16384K, 81% used [0x7dfc0000,0x7ecd2918,0x7efc0000)
Event: 3.601 GC heap after
Heap after GC invocations=3 (full 0):
 PSYoungGen      total 25088K, used 1913K [0xa4270000, 0xa7370000, 0xb33c0000)
  eden space 23168K, 0% used [0xa4270000,0xa4270000,0xa5910000)
  from space 1920K, 99% used [0xa5910000,0xa5aee688,0xa5af0000)
  to   space 1920K, 0% used [0xa7190000,0xa7190000,0xa7370000)
 ParOldGen       total 30848K, used 5068K [0x85fc0000, 0x87de0000, 0xa4270000)
  object space 30848K, 16% used [0x85fc0000,0x864b31e0,0x87de0000)
 PSPermGen       total 16384K, used 13386K [0x7dfc0000, 0x7efc0000, 0x85fc0000)
  object space 16384K, 81% used [0x7dfc0000,0x7ecd2918,0x7efc0000)
}
Event: 4.307 GC heap before
{Heap before GC invocations=4 (full 0):
 PSYoungGen      total 25088K, used 25081K [0xa4270000, 0xa7370000, 0xb33c0000)
  eden space 23168K, 100% used [0xa4270000,0xa5910000,0xa5910000)
  from space 1920K, 99% used [0xa5910000,0xa5aee688,0xa5af0000)
  to   space 1920K, 0% used [0xa7190000,0xa7190000,0xa7370000)
 ParOldGen       total 30848K, used 5068K [0x85fc0000, 0x87de0000, 0xa4270000)
  object space 30848K, 16% used [0x85fc0000,0x864b31e0,0x87de0000)
 PSPermGen       total 16384K, used 16166K [0x7dfc0000, 0x7efc0000, 0x85fc0000)
  object space 16384K, 98% used [0x7dfc0000,0x7ef89bf8,0x7efc0000)
Event: 4.324 GC heap after
Heap after GC invocations=4 (full 0):
 PSYoungGen      total 48256K, used 1904K [0xa4270000, 0xa7370000, 0xb33c0000)
  eden space 46336K, 0% used [0xa4270000,0xa4270000,0xa6fb0000)
  from space 1920K, 99% used [0xa7190000,0xa736c2a8,0xa7370000)
  to   space 1920K, 0% used [0xa6fb0000,0xa6fb0000,0xa7190000)
 ParOldGen       total 30848K, used 7562K [0x85fc0000, 0x87de0000, 0xa4270000)
  object space 30848K, 24% used [0x85fc0000,0x867228d8,0x87de0000)
 PSPermGen       total 16384K, used 16166K [0x7dfc0000, 0x7efc0000, 0x85fc0000)
  object space 16384K, 98% used [0x7dfc0000,0x7ef89bf8,0x7efc0000)
}

